Android/Source/android/app/build/intermediates/manifest_merge_blame_file/debug/manifest-merger-blame-debug-report.txt
1<?xml version="1.0" encoding="utf-8"?>
2<manifest xmlns:android="http://schemas.android.com/apk/res/android"
3    package="EmotionDetection.Capstone"
4    android:versionCode="1"
5    android:versionName="1.0" >
6
7    <uses-sdk
8        android:minSdkVersion="21"
9        android:targetSdkVersion="33" />
10
11    <uses-permission android:name="android.permission.SYSTEM_ALERT_WINDOW" />
11-->src/debug/AndroidManifest.xml:5:5-77
11-->src/debug/AndroidManifest.xml:5:22-75
12    <uses-permission android:name="android.permission.INTERNET" />
12-->src/main/AndroidManifest.xml:3:5-67
12-->src/main/AndroidManifest.xml:3:22-64
13    <uses-permission android:name="android.permission.VIBRATE" />
13-->src/main/AndroidManifest.xml:4:5-66
13-->src/main/AndroidManifest.xml:4:22-63
14    <uses-permission android:name="android.permission.CAMERA" />
14-->src/main/AndroidManifest.xml:5:5-65
14-->src/main/AndroidManifest.xml:5:22-62
15    <uses-permission android:name="android.permission.RECORD_AUDIO" />
15-->src/main/AndroidManifest.xml:6:5-71
15-->src/main/AndroidManifest.xml:6:22-68
16    <uses-permission android:name="android.permission.MICROPHONE" />
16-->src/main/AndroidManifest.xml:7:5-69
16-->src/main/AndroidManifest.xml:7:22-66
17    <uses-permission android:name="android.permission.MODIFY_AUDIO_SETTINGS" />
17-->src/main/AndroidManifest.xml:8:5-80
17-->src/main/AndroidManifest.xml:8:22-77
18    <uses-permission android:name="android.permission.ACCESS_WIFI_STATE" />
18-->[com.facebook.flipper:flipper:0.125.0] AndroidManifest.xml:16:5-76
18-->[com.facebook.flipper:flipper:0.125.0] AndroidManifest.xml:16:22-73
19    <uses-permission android:name="android.permission.WAKE_LOCK" />
19-->[:react-native-firebase_auth] AndroidManifest.xml:10:5-68
19-->[:react-native-firebase_auth] AndroidManifest.xml:10:22-65
20    <uses-permission android:name="android.permission.ACCESS_NETWORK_STATE" />
20-->[:react-native-firebase_auth] AndroidManifest.xml:11:5-79
20-->[:react-native-firebase_auth] AndroidManifest.xml:11:22-76
21    <uses-permission android:name="com.google.android.finsky.permission.BIND_GET_INSTALL_REFERRER_SERVICE" />
21-->[com.android.installreferrer:installreferrer:1.0] AndroidManifest.xml:9:5-110
21-->[com.android.installreferrer:installreferrer:1.0] AndroidManifest.xml:9:22-107
22
23    <application
23-->src/main/AndroidManifest.xml:10:5-31:19
24        android:name="EmotionDetection.Capstone.MainApplication"
24-->src/main/AndroidManifest.xml:11:7-38
25        android:allowBackup="false"
25-->src/main/AndroidManifest.xml:15:7-34
26        android:appComponentFactory="androidx.core.app.CoreComponentFactory"
26-->[androidx.core:core:1.7.0] AndroidManifest.xml:24:18-86
27        android:debuggable="true"
28        android:icon="@mipmap/ic_launcher"
28-->src/main/AndroidManifest.xml:13:7-41
29        android:label="@string/app_name"
29-->src/main/AndroidManifest.xml:12:7-39
30        android:roundIcon="@mipmap/ic_launcher_round"
30-->src/main/AndroidManifest.xml:14:7-52
31        android:supportsRtl="true"
31-->[com.facebook.android:facebook-android-sdk:8.2.0] AndroidManifest.xml:28:18-44
32        android:theme="@style/AppTheme"
32-->src/main/AndroidManifest.xml:16:7-38
33        android:usesCleartextTraffic="true" >
33-->src/debug/AndroidManifest.xml:10:9-44
34        <activity
34-->src/debug/AndroidManifest.xml:13:9-111
35            android:name="com.facebook.react.devsupport.DevSettingsActivity"
35-->src/debug/AndroidManifest.xml:13:19-83
36            android:exported="false" />
36-->src/debug/AndroidManifest.xml:13:84-108
37        <activity
37-->src/main/AndroidManifest.xml:18:7-29:18
38            android:name="EmotionDetection.Capstone.MainActivity"
38-->src/main/AndroidManifest.xml:19:9-37
39            android:configChanges="keyboard|keyboardHidden|orientation|screenLayout|screenSize|smallestScreenSize|uiMode"
39-->src/main/AndroidManifest.xml:21:9-118
40            android:exported="true"
40-->src/main/AndroidManifest.xml:24:9-32
41            android:label="@string/app_name"
41-->src/main/AndroidManifest.xml:20:9-41
42            android:launchMode="singleTask"
42-->src/main/AndroidManifest.xml:22:9-40
43            android:windowSoftInputMode="adjustResize" >
43-->src/main/AndroidManifest.xml:23:9-51
44            <intent-filter>
44-->src/main/AndroidManifest.xml:25:9-28:25
45                <action android:name="android.intent.action.MAIN" />
45-->src/main/AndroidManifest.xml:26:13-65
45-->src/main/AndroidManifest.xml:26:21-62
46
47                <category android:name="android.intent.category.LAUNCHER" />
47-->src/main/AndroidManifest.xml:27:13-73
47-->src/main/AndroidManifest.xml:27:23-70
48            </intent-filter>
49        </activity>
50
51        <meta-data
51-->src/main/AndroidManifest.xml:30:5-103
52            android:name="com.facebook.sdk.ApplicationId"
52-->src/main/AndroidManifest.xml:30:16-61
53            android:value="@string/facebook_app_id" />
53-->src/main/AndroidManifest.xml:30:62-101
54        <meta-data
54-->[:react-native-firebase_app] AndroidManifest.xml:11:9-13:36
55            android:name="app_data_collection_default_enabled"
55-->[:react-native-firebase_app] AndroidManifest.xml:12:13-63
56            android:value="true" />
56-->[:react-native-firebase_app] AndroidManifest.xml:13:13-33
57
58        <service
58-->[:react-native-firebase_app] AndroidManifest.xml:15:9-23:19
59            android:name="com.google.firebase.components.ComponentDiscoveryService"
59-->[:react-native-firebase_app] AndroidManifest.xml:16:13-84
60            android:directBootAware="true"
60-->[:react-native-firebase_app] AndroidManifest.xml:17:13-43
61            android:exported="false" >
61-->[:react-native-firebase_app] AndroidManifest.xml:18:13-37
62            <meta-data
62-->[:react-native-firebase_app] AndroidManifest.xml:20:13-22:85
63                android:name="com.google.firebase.components:io.invertase.firebase.app.ReactNativeFirebaseAppRegistrar"
63-->[:react-native-firebase_app] AndroidManifest.xml:21:17-120
64                android:value="com.google.firebase.components.ComponentRegistrar" />
64-->[:react-native-firebase_app] AndroidManifest.xml:22:17-82
65            <meta-data
65-->[com.google.firebase:firebase-firestore:24.4.5] AndroidManifest.xml:19:13-21:85
66                android:name="com.google.firebase.components:com.google.firebase.firestore.FirestoreRegistrar"
66-->[com.google.firebase:firebase-firestore:24.4.5] AndroidManifest.xml:20:17-111
67                android:value="com.google.firebase.components.ComponentRegistrar" />
67-->[com.google.firebase:firebase-firestore:24.4.5] AndroidManifest.xml:21:17-82
68            <meta-data
68-->[com.google.firebase:firebase-auth:21.2.0] AndroidManifest.xml:69:13-71:85
69                android:name="com.google.firebase.components:com.google.firebase.auth.FirebaseAuthRegistrar"
69-->[com.google.firebase:firebase-auth:21.2.0] AndroidManifest.xml:70:17-109
70                android:value="com.google.firebase.components.ComponentRegistrar" />
70-->[com.google.firebase:firebase-auth:21.2.0] AndroidManifest.xml:71:17-82
71        </service>
72
73        <provider
73-->[:react-native-firebase_app] AndroidManifest.xml:25:9-29:38
74            android:name="io.invertase.firebase.app.ReactNativeFirebaseAppInitProvider"
74-->[:react-native-firebase_app] AndroidManifest.xml:26:13-88
75            android:authorities="EmotionDetection.Capstone.reactnativefirebaseappinitprovider"
75-->[:react-native-firebase_app] AndroidManifest.xml:27:13-86
76            android:exported="false"
76-->[:react-native-firebase_app] AndroidManifest.xml:28:13-37
77            android:initOrder="99" />
77-->[:react-native-firebase_app] AndroidManifest.xml:29:13-35
78        <provider
78-->[:react-native-webview] AndroidManifest.xml:10:9-18:20
79            android:name="com.reactnativecommunity.webview.RNCWebViewFileProvider"
79-->[:react-native-webview] AndroidManifest.xml:11:13-83
80            android:authorities="EmotionDetection.Capstone.fileprovider"
80-->[:react-native-webview] AndroidManifest.xml:12:13-64
81            android:exported="false"
81-->[:react-native-webview] AndroidManifest.xml:13:13-37
82            android:grantUriPermissions="true" >
82-->[:react-native-webview] AndroidManifest.xml:14:13-47
83            <meta-data
83-->[:react-native-webview] AndroidManifest.xml:15:13-17:63
84                android:name="android.support.FILE_PROVIDER_PATHS"
84-->[:react-native-webview] AndroidManifest.xml:16:17-67
85                android:resource="@xml/file_provider_paths" />
85-->[:react-native-webview] AndroidManifest.xml:17:17-60
86        </provider>
87
88        <activity
88-->[com.facebook.android:facebook-common:8.2.0] AndroidManifest.xml:30:9-33:66
89            android:name="com.facebook.FacebookActivity"
89-->[com.facebook.android:facebook-common:8.2.0] AndroidManifest.xml:31:13-57
90            android:configChanges="keyboard|keyboardHidden|screenLayout|screenSize|orientation"
90-->[com.facebook.android:facebook-common:8.2.0] AndroidManifest.xml:32:13-96
91            android:theme="@style/com_facebook_activity_theme" />
91-->[com.facebook.android:facebook-common:8.2.0] AndroidManifest.xml:33:13-63
92        <activity android:name="com.facebook.CustomTabMainActivity" />
92-->[com.facebook.android:facebook-common:8.2.0] AndroidManifest.xml:34:9-71
92-->[com.facebook.android:facebook-common:8.2.0] AndroidManifest.xml:34:19-68
93        <activity
93-->[com.facebook.android:facebook-common:8.2.0] AndroidManifest.xml:35:9-49:20
94            android:name="com.facebook.CustomTabActivity"
94-->[com.facebook.android:facebook-common:8.2.0] AndroidManifest.xml:36:13-58
95            android:exported="true" >
95-->[com.facebook.android:facebook-common:8.2.0] AndroidManifest.xml:37:13-36
96            <intent-filter>
96-->[com.facebook.android:facebook-common:8.2.0] AndroidManifest.xml:39:13-48:29
97                <action android:name="android.intent.action.VIEW" />
97-->[com.facebook.android:facebook-common:8.2.0] AndroidManifest.xml:40:17-69
97-->[com.facebook.android:facebook-common:8.2.0] AndroidManifest.xml:40:25-66
98
99                <category android:name="android.intent.category.DEFAULT" />
99-->[com.facebook.android:facebook-common:8.2.0] AndroidManifest.xml:42:17-76
99-->[com.facebook.android:facebook-common:8.2.0] AndroidManifest.xml:42:27-73
100                <category android:name="android.intent.category.BROWSABLE" />
100-->[com.facebook.android:facebook-common:8.2.0] AndroidManifest.xml:43:17-78
100-->[com.facebook.android:facebook-common:8.2.0] AndroidManifest.xml:43:27-75
101
102                <data
102-->[com.facebook.android:facebook-common:8.2.0] AndroidManifest.xml:45:17-47:50
103                    android:host="cct.EmotionDetection.Capstone"
103-->[com.facebook.android:facebook-common:8.2.0] AndroidManifest.xml:46:21-56
104                    android:scheme="fbconnect" />
104-->[com.facebook.android:facebook-common:8.2.0] AndroidManifest.xml:47:21-47
105            </intent-filter>
106        </activity>
107        <!--
108         The initialization ContentProvider will call FacebookSdk.sdkInitialize automatically
109         with the application context. This config is merged in with the host app's manifest,
110         but there can only be one provider with the same authority activated at any given
111         point; so if the end user has two or more different apps that use Facebook SDK, only the
112         first one will be able to use the provider. To work around this problem, we use the
113         following placeholder in the authority to identify each host application as if it was
114         a completely different provider.
115        -->
116        <provider
116-->[com.facebook.android:facebook-core:8.2.0] AndroidManifest.xml:39:9-42:40
117            android:name="com.facebook.internal.FacebookInitProvider"
117-->[com.facebook.android:facebook-core:8.2.0] AndroidManifest.xml:40:13-70
118            android:authorities="EmotionDetection.Capstone.FacebookInitProvider"
118-->[com.facebook.android:facebook-core:8.2.0] AndroidManifest.xml:41:13-72
119            android:exported="false" />
119-->[com.facebook.android:facebook-core:8.2.0] AndroidManifest.xml:42:13-37
120
121        <receiver
121-->[com.facebook.android:facebook-core:8.2.0] AndroidManifest.xml:44:9-50:20
122            android:name="com.facebook.CurrentAccessTokenExpirationBroadcastReceiver"
122-->[com.facebook.android:facebook-core:8.2.0] AndroidManifest.xml:45:13-86
123            android:exported="false" >
123-->[com.facebook.android:facebook-core:8.2.0] AndroidManifest.xml:46:13-37
124            <intent-filter>
124-->[com.facebook.android:facebook-core:8.2.0] AndroidManifest.xml:47:13-49:29
125                <action android:name="com.facebook.sdk.ACTION_CURRENT_ACCESS_TOKEN_CHANGED" />
125-->[com.facebook.android:facebook-core:8.2.0] AndroidManifest.xml:48:17-95
125-->[com.facebook.android:facebook-core:8.2.0] AndroidManifest.xml:48:25-92
126            </intent-filter>
127        </receiver>
128
129        <activity
129-->[com.google.android.gms:play-services-auth:20.3.0] AndroidManifest.xml:23:9-27:75
130            android:name="com.google.android.gms.auth.api.signin.internal.SignInHubActivity"
130-->[com.google.android.gms:play-services-auth:20.3.0] AndroidManifest.xml:24:13-93
131            android:excludeFromRecents="true"
131-->[com.google.android.gms:play-services-auth:20.3.0] AndroidManifest.xml:25:13-46
132            android:exported="false"
132-->[com.google.android.gms:play-services-auth:20.3.0] AndroidManifest.xml:26:13-37
133            android:theme="@android:style/Theme.Translucent.NoTitleBar" />
133-->[com.google.android.gms:play-services-auth:20.3.0] AndroidManifest.xml:27:13-72
134        <!--
135            Service handling Google Sign-In user revocation. For apps that do not integrate with
136            Google Sign-In, this service will never be started.
137        -->
138        <service
138-->[com.google.android.gms:play-services-auth:20.3.0] AndroidManifest.xml:33:9-37:51
139            android:name="com.google.android.gms.auth.api.signin.RevocationBoundService"
139-->[com.google.android.gms:play-services-auth:20.3.0] AndroidManifest.xml:34:13-89
140            android:exported="true"
140-->[com.google.android.gms:play-services-auth:20.3.0] AndroidManifest.xml:35:13-36
141            android:permission="com.google.android.gms.auth.api.signin.permission.REVOCATION_NOTIFICATION"
141-->[com.google.android.gms:play-services-auth:20.3.0] AndroidManifest.xml:36:13-107
142            android:visibleToInstantApps="true" />
142-->[com.google.android.gms:play-services-auth:20.3.0] AndroidManifest.xml:37:13-48
143
144        <activity
144-->[com.google.firebase:firebase-auth:21.2.0] AndroidManifest.xml:29:9-46:20
145            android:name="com.google.firebase.auth.internal.GenericIdpActivity"
145-->[com.google.firebase:firebase-auth:21.2.0] AndroidManifest.xml:30:13-80
146            android:excludeFromRecents="true"
146-->[com.google.firebase:firebase-auth:21.2.0] AndroidManifest.xml:31:13-46
147            android:exported="true"
147-->[com.google.firebase:firebase-auth:21.2.0] AndroidManifest.xml:32:13-36
148            android:launchMode="singleTask"
148-->[com.google.firebase:firebase-auth:21.2.0] AndroidManifest.xml:33:13-44
149            android:theme="@android:style/Theme.Translucent.NoTitleBar" >
149-->[com.google.firebase:firebase-auth:21.2.0] AndroidManifest.xml:34:13-72
150            <intent-filter>
150-->[com.google.firebase:firebase-auth:21.2.0] AndroidManifest.xml:35:13-45:29
151                <action android:name="android.intent.action.VIEW" />
151-->[com.facebook.android:facebook-common:8.2.0] AndroidManifest.xml:40:17-69
151-->[com.facebook.android:facebook-common:8.2.0] AndroidManifest.xml:40:25-66
152
153                <category android:name="android.intent.category.DEFAULT" />
153-->[com.facebook.android:facebook-common:8.2.0] AndroidManifest.xml:42:17-76
153-->[com.facebook.android:facebook-common:8.2.0] AndroidManifest.xml:42:27-73
154                <category android:name="android.intent.category.BROWSABLE" />
154-->[com.facebook.android:facebook-common:8.2.0] AndroidManifest.xml:43:17-78
154-->[com.facebook.android:facebook-common:8.2.0] AndroidManifest.xml:43:27-75
155
156                <data
156-->[com.facebook.android:facebook-common:8.2.0] AndroidManifest.xml:45:17-47:50
157                    android:host="firebase.auth"
157-->[com.facebook.android:facebook-common:8.2.0] AndroidManifest.xml:46:21-56
158                    android:path="/"
159                    android:scheme="genericidp" />
159-->[com.facebook.android:facebook-common:8.2.0] AndroidManifest.xml:47:21-47
160            </intent-filter>
161        </activity>
162        <activity
162-->[com.google.firebase:firebase-auth:21.2.0] AndroidManifest.xml:47:9-64:20
163            android:name="com.google.firebase.auth.internal.RecaptchaActivity"
163-->[com.google.firebase:firebase-auth:21.2.0] AndroidManifest.xml:48:13-79
164            android:excludeFromRecents="true"
164-->[com.google.firebase:firebase-auth:21.2.0] AndroidManifest.xml:49:13-46
165            android:exported="true"
165-->[com.google.firebase:firebase-auth:21.2.0] AndroidManifest.xml:50:13-36
166            android:launchMode="singleTask"
166-->[com.google.firebase:firebase-auth:21.2.0] AndroidManifest.xml:51:13-44
167            android:theme="@android:style/Theme.Translucent.NoTitleBar" >
167-->[com.google.firebase:firebase-auth:21.2.0] AndroidManifest.xml:52:13-72
168            <intent-filter>
168-->[com.google.firebase:firebase-auth:21.2.0] AndroidManifest.xml:53:13-63:29
169                <action android:name="android.intent.action.VIEW" />
169-->[com.facebook.android:facebook-common:8.2.0] AndroidManifest.xml:40:17-69
169-->[com.facebook.android:facebook-common:8.2.0] AndroidManifest.xml:40:25-66
170
171                <category android:name="android.intent.category.DEFAULT" />
171-->[com.facebook.android:facebook-common:8.2.0] AndroidManifest.xml:42:17-76
171-->[com.facebook.android:facebook-common:8.2.0] AndroidManifest.xml:42:27-73
172                <category android:name="android.intent.category.BROWSABLE" />
172-->[com.facebook.android:facebook-common:8.2.0] AndroidManifest.xml:43:17-78
172-->[com.facebook.android:facebook-common:8.2.0] AndroidManifest.xml:43:27-75
173
174                <data
174-->[com.facebook.android:facebook-common:8.2.0] AndroidManifest.xml:45:17-47:50
175                    android:host="firebase.auth"
175-->[com.facebook.android:facebook-common:8.2.0] AndroidManifest.xml:46:21-56
176                    android:path="/"
177                    android:scheme="recaptcha" />
177-->[com.facebook.android:facebook-common:8.2.0] AndroidManifest.xml:47:21-47
178            </intent-filter>
179        </activity>
180        <activity
180-->[com.google.android.gms:play-services-base:18.0.1] AndroidManifest.xml:20:9-22:45
181            android:name="com.google.android.gms.common.api.GoogleApiActivity"
181-->[com.google.android.gms:play-services-base:18.0.1] AndroidManifest.xml:20:19-85
182            android:exported="false"
182-->[com.google.android.gms:play-services-base:18.0.1] AndroidManifest.xml:22:19-43
183            android:theme="@android:style/Theme.Translucent.NoTitleBar" />
183-->[com.google.android.gms:play-services-base:18.0.1] AndroidManifest.xml:21:19-78
184
185        <provider
185-->[com.google.firebase:firebase-common:20.3.2] AndroidManifest.xml:25:9-30:39
186            android:name="com.google.firebase.provider.FirebaseInitProvider"
186-->[com.google.firebase:firebase-common:20.3.2] AndroidManifest.xml:26:13-77
187            android:authorities="EmotionDetection.Capstone.firebaseinitprovider"
187-->[com.google.firebase:firebase-common:20.3.2] AndroidManifest.xml:27:13-72
188            android:directBootAware="true"
188-->[com.google.firebase:firebase-common:20.3.2] AndroidManifest.xml:28:13-43
189            android:exported="false"
189-->[com.google.firebase:firebase-common:20.3.2] AndroidManifest.xml:29:13-37
190            android:initOrder="100" />
190-->[com.google.firebase:firebase-common:20.3.2] AndroidManifest.xml:30:13-36
191
192        <meta-data
192-->[com.google.android.gms:play-services-basement:18.1.0] AndroidManifest.xml:21:9-23:69
193            android:name="com.google.android.gms.version"
193-->[com.google.android.gms:play-services-basement:18.1.0] AndroidManifest.xml:22:13-58
194            android:value="@integer/google_play_services_version" />
194-->[com.google.android.gms:play-services-basement:18.1.0] AndroidManifest.xml:23:13-66
195
196        <provider
196-->[androidx.emoji2:emoji2:1.0.0] AndroidManifest.xml:26:9-34:20
197            android:name="androidx.startup.InitializationProvider"
197-->[androidx.emoji2:emoji2:1.0.0] AndroidManifest.xml:27:13-67
198            android:authorities="EmotionDetection.Capstone.androidx-startup"
198-->[androidx.emoji2:emoji2:1.0.0] AndroidManifest.xml:28:13-68
199            android:exported="false" >
199-->[androidx.emoji2:emoji2:1.0.0] AndroidManifest.xml:29:13-37
200            <meta-data
200-->[androidx.emoji2:emoji2:1.0.0] AndroidManifest.xml:31:13-33:52
201                android:name="androidx.emoji2.text.EmojiCompatInitializer"
201-->[androidx.emoji2:emoji2:1.0.0] AndroidManifest.xml:32:17-75
202                android:value="androidx.startup" />
202-->[androidx.emoji2:emoji2:1.0.0] AndroidManifest.xml:33:17-49
203            <meta-data
203-->[androidx.lifecycle:lifecycle-process:2.4.0] AndroidManifest.xml:31:13-33:52
204                android:name="androidx.lifecycle.ProcessLifecycleInitializer"
204-->[androidx.lifecycle:lifecycle-process:2.4.0] AndroidManifest.xml:32:17-78
205                android:value="androidx.startup" />
205-->[androidx.lifecycle:lifecycle-process:2.4.0] AndroidManifest.xml:33:17-49
206        </provider>
207    </application>
208
209</manifest>